<?xml version="1.0" encoding="UTF-8"?>
<!-- Generated by org.testng.reporters.JUnitXMLReporter -->
<testsuite hostname="DESKTOP-ODABQ8T" name="Test" tests="7" failures="0" timestamp="20 Mar 2020 10:45:50 GMT" time="104.248" errors="0">
  <testcase name="openAmazonWeb" time="4.134" classname="com.qa.testcases.FlipkartTestCases"/>
  <testcase name="searchForIphoneXrYellow" time="0.773" classname="com.qa.testcases.FlipkartTestCases"/>
  <testcase name="getPriceOfIphoneXrYellow" time="5.644" classname="com.qa.testcases.FlipkartTestCases"/>
  <testcase name="openAmazonWeb" time="61.79" classname="com.qa.testcases.AmazonTestCases"/>
  <testcase name="searchForIphoneXrYellow" time="3.78" classname="com.qa.testcases.AmazonTestCases"/>
  <testcase name="getPriceOfIphoneXrYellow" time="5.257" classname="com.qa.testcases.AmazonTestCases"/>
  <testcase name="comparePrices" time="0.002" classname="com.qa.testcases.PriceCopmareTestCase"/>
</testsuite> <!-- Test -->
