<?xml version="1.0" encoding="UTF-8"?>
<!-- Generated by org.testng.reporters.JUnitXMLReporter -->
<testsuite hostname="DESKTOP-ODABQ8T" name="Test" tests="7" failures="0" timestamp="19 Mar 2020 05:05:07 GMT" time="49.797" errors="0">
  <testcase name="openAmazonWeb" time="6.875" classname="com.qa.testcases.FlipkartTestCases"/>
  <testcase name="searchForIphoneXrYellow" time="0.344" classname="com.qa.testcases.FlipkartTestCases"/>
  <testcase name="getPriceOfIphoneXrYellow" time="7.006" classname="com.qa.testcases.FlipkartTestCases"/>
  <testcase name="openAmazonWeb" time="4.37" classname="com.qa.testcases.AmazonTestCases"/>
  <testcase name="searchForIphoneXrYellow" time="2.351" classname="com.qa.testcases.AmazonTestCases"/>
  <testcase name="getPriceOfIphoneXrYellow" time="4.503" classname="com.qa.testcases.AmazonTestCases"/>
  <testcase name="comparePrices" time="0.002" classname="com.qa.testcases.PriceCopmareTestCase"/>
</testsuite> <!-- Test -->
