<?xml version="1.0" encoding="UTF-8"?>
<testng-results skipped="0" failed="0" total="7" passed="7">
  <reporter-output>
  </reporter-output>
  <suite name="Suite" duration-ms="104248" started-at="2020-03-20T10:44:05Z" finished-at="2020-03-20T10:45:50Z">
    <groups>
    </groups>
    <test name="Test" duration-ms="104248" started-at="2020-03-20T10:44:05Z" finished-at="2020-03-20T10:45:50Z">
      <class name="com.qa.testcases.AmazonTestCases">
        <test-method status="PASS" signature="launchBrowser()[pri:0, instance:com.qa.testcases.AmazonTestCases@58651fd0]" name="launchBrowser" is-config="true" duration-ms="10110" started-at="2020-03-20T16:14:27Z" finished-at="2020-03-20T16:14:37Z">
          <reporter-output>
          </reporter-output>
        </test-method> <!-- launchBrowser -->
        <test-method status="PASS" signature="openAmazonWeb()[pri:0, instance:com.qa.testcases.AmazonTestCases@58651fd0]" name="openAmazonWeb" duration-ms="61790" started-at="2020-03-20T16:14:37Z" finished-at="2020-03-20T16:15:39Z">
          <reporter-output>
          </reporter-output>
        </test-method> <!-- openAmazonWeb -->
        <test-method status="PASS" signature="searchForIphoneXrYellow()[pri:0, instance:com.qa.testcases.AmazonTestCases@58651fd0]" name="searchForIphoneXrYellow" duration-ms="3780" started-at="2020-03-20T16:15:39Z" finished-at="2020-03-20T16:15:43Z">
          <reporter-output>
          </reporter-output>
        </test-method> <!-- searchForIphoneXrYellow -->
        <test-method status="PASS" signature="getPriceOfIphoneXrYellow()[pri:0, instance:com.qa.testcases.AmazonTestCases@58651fd0]" name="getPriceOfIphoneXrYellow" duration-ms="5257" started-at="2020-03-20T16:15:43Z" finished-at="2020-03-20T16:15:48Z">
          <reporter-output>
          </reporter-output>
        </test-method> <!-- getPriceOfIphoneXrYellow -->
        <test-method status="PASS" signature="tearDown()[pri:0, instance:com.qa.testcases.AmazonTestCases@58651fd0]" name="tearDown" is-config="true" duration-ms="908" started-at="2020-03-20T16:15:48Z" finished-at="2020-03-20T16:15:49Z">
          <reporter-output>
          </reporter-output>
        </test-method> <!-- tearDown -->
        <test-method status="PASS" signature="tearDown()[pri:0, instance:com.qa.testcases.FlipkartTestCases@5034c75a]" name="tearDown" is-config="true" duration-ms="781" started-at="2020-03-20T16:15:49Z" finished-at="2020-03-20T16:15:50Z">
          <reporter-output>
          </reporter-output>
        </test-method> <!-- tearDown -->
      </class> <!-- com.qa.testcases.AmazonTestCases -->
      <class name="com.qa.testcases.FlipkartTestCases">
        <test-method status="PASS" signature="launchBrowser()[pri:0, instance:com.qa.testcases.FlipkartTestCases@5034c75a]" name="launchBrowser" is-config="true" duration-ms="11040" started-at="2020-03-20T16:14:05Z" finished-at="2020-03-20T16:14:16Z">
          <reporter-output>
          </reporter-output>
        </test-method> <!-- launchBrowser -->
        <test-method status="PASS" signature="openAmazonWeb()[pri:0, instance:com.qa.testcases.FlipkartTestCases@5034c75a]" name="openAmazonWeb" duration-ms="4134" started-at="2020-03-20T16:14:16Z" finished-at="2020-03-20T16:14:21Z">
          <reporter-output>
          </reporter-output>
        </test-method> <!-- openAmazonWeb -->
        <test-method status="PASS" signature="searchForIphoneXrYellow()[pri:0, instance:com.qa.testcases.FlipkartTestCases@5034c75a]" name="searchForIphoneXrYellow" duration-ms="773" started-at="2020-03-20T16:14:21Z" finished-at="2020-03-20T16:14:21Z">
          <reporter-output>
          </reporter-output>
        </test-method> <!-- searchForIphoneXrYellow -->
        <test-method status="PASS" signature="getPriceOfIphoneXrYellow()[pri:0, instance:com.qa.testcases.FlipkartTestCases@5034c75a]" name="getPriceOfIphoneXrYellow" duration-ms="5644" started-at="2020-03-20T16:14:21Z" finished-at="2020-03-20T16:14:27Z">
          <reporter-output>
          </reporter-output>
        </test-method> <!-- getPriceOfIphoneXrYellow -->
      </class> <!-- com.qa.testcases.FlipkartTestCases -->
      <class name="com.qa.testcases.PriceCopmareTestCase">
        <test-method status="PASS" signature="comparePrices()[pri:0, instance:com.qa.testcases.PriceCopmareTestCase@6d78f375]" name="comparePrices" duration-ms="2" started-at="2020-03-20T16:15:48Z" finished-at="2020-03-20T16:15:48Z">
          <reporter-output>
          </reporter-output>
        </test-method> <!-- comparePrices -->
      </class> <!-- com.qa.testcases.PriceCopmareTestCase -->
    </test> <!-- Test -->
  </suite> <!-- Suite -->
</testng-results>
