<?xml version="1.0" encoding="UTF-8"?>
<testng-results skipped="0" failed="0" total="7" passed="7">
  <reporter-output>
  </reporter-output>
  <suite name="Suite" duration-ms="49797" started-at="2020-03-19T05:04:17Z" finished-at="2020-03-19T05:05:07Z">
    <groups>
    </groups>
    <test name="Test" duration-ms="49797" started-at="2020-03-19T05:04:17Z" finished-at="2020-03-19T05:05:07Z">
      <class name="com.qa.testcases.AmazonTestCases">
        <test-method status="PASS" signature="launchBrowser()[pri:0, instance:com.qa.testcases.AmazonTestCases@58651fd0]" name="launchBrowser" is-config="true" duration-ms="10432" started-at="2020-03-19T10:34:44Z" finished-at="2020-03-19T10:34:54Z">
          <reporter-output>
          </reporter-output>
        </test-method> <!-- launchBrowser -->
        <test-method status="PASS" signature="openAmazonWeb()[pri:0, instance:com.qa.testcases.AmazonTestCases@58651fd0]" name="openAmazonWeb" duration-ms="4370" started-at="2020-03-19T10:34:54Z" finished-at="2020-03-19T10:34:58Z">
          <reporter-output>
          </reporter-output>
        </test-method> <!-- openAmazonWeb -->
        <test-method status="PASS" signature="searchForIphoneXrYellow()[pri:0, instance:com.qa.testcases.AmazonTestCases@58651fd0]" name="searchForIphoneXrYellow" duration-ms="2351" started-at="2020-03-19T10:34:58Z" finished-at="2020-03-19T10:35:01Z">
          <reporter-output>
          </reporter-output>
        </test-method> <!-- searchForIphoneXrYellow -->
        <test-method status="PASS" signature="getPriceOfIphoneXrYellow()[pri:0, instance:com.qa.testcases.AmazonTestCases@58651fd0]" name="getPriceOfIphoneXrYellow" duration-ms="4503" started-at="2020-03-19T10:35:01Z" finished-at="2020-03-19T10:35:05Z">
          <reporter-output>
          </reporter-output>
        </test-method> <!-- getPriceOfIphoneXrYellow -->
        <test-method status="PASS" signature="tearDown()[pri:0, instance:com.qa.testcases.AmazonTestCases@58651fd0]" name="tearDown" is-config="true" duration-ms="740" started-at="2020-03-19T10:35:05Z" finished-at="2020-03-19T10:35:06Z">
          <reporter-output>
          </reporter-output>
        </test-method> <!-- tearDown -->
        <test-method status="PASS" signature="tearDown()[pri:0, instance:com.qa.testcases.FlipkartTestCases@5034c75a]" name="tearDown" is-config="true" duration-ms="677" started-at="2020-03-19T10:35:06Z" finished-at="2020-03-19T10:35:07Z">
          <reporter-output>
          </reporter-output>
        </test-method> <!-- tearDown -->
      </class> <!-- com.qa.testcases.AmazonTestCases -->
      <class name="com.qa.testcases.FlipkartTestCases">
        <test-method status="PASS" signature="launchBrowser()[pri:0, instance:com.qa.testcases.FlipkartTestCases@5034c75a]" name="launchBrowser" is-config="true" duration-ms="12474" started-at="2020-03-19T10:34:17Z" finished-at="2020-03-19T10:34:29Z">
          <reporter-output>
          </reporter-output>
        </test-method> <!-- launchBrowser -->
        <test-method status="PASS" signature="openAmazonWeb()[pri:0, instance:com.qa.testcases.FlipkartTestCases@5034c75a]" name="openAmazonWeb" duration-ms="6875" started-at="2020-03-19T10:34:29Z" finished-at="2020-03-19T10:34:36Z">
          <reporter-output>
          </reporter-output>
        </test-method> <!-- openAmazonWeb -->
        <test-method status="PASS" signature="searchForIphoneXrYellow()[pri:0, instance:com.qa.testcases.FlipkartTestCases@5034c75a]" name="searchForIphoneXrYellow" duration-ms="344" started-at="2020-03-19T10:34:36Z" finished-at="2020-03-19T10:34:37Z">
          <reporter-output>
          </reporter-output>
        </test-method> <!-- searchForIphoneXrYellow -->
        <test-method status="PASS" signature="getPriceOfIphoneXrYellow()[pri:0, instance:com.qa.testcases.FlipkartTestCases@5034c75a]" name="getPriceOfIphoneXrYellow" duration-ms="7006" started-at="2020-03-19T10:34:37Z" finished-at="2020-03-19T10:34:44Z">
          <reporter-output>
          </reporter-output>
        </test-method> <!-- getPriceOfIphoneXrYellow -->
      </class> <!-- com.qa.testcases.FlipkartTestCases -->
      <class name="com.qa.testcases.PriceCopmareTestCase">
        <test-method status="PASS" signature="comparePrices()[pri:0, instance:com.qa.testcases.PriceCopmareTestCase@6d78f375]" name="comparePrices" duration-ms="2" started-at="2020-03-19T10:35:05Z" finished-at="2020-03-19T10:35:05Z">
          <reporter-output>
          </reporter-output>
        </test-method> <!-- comparePrices -->
      </class> <!-- com.qa.testcases.PriceCopmareTestCase -->
    </test> <!-- Test -->
  </suite> <!-- Suite -->
</testng-results>
